<?xml version="1.0" encoding="UTF-8"?>
<testng-results ignored="0" total="2" passed="1" failed="1" skipped="0">
  <reporter-output>
  </reporter-output>
  <suite started-at="2025-08-18T18:50:17 IST" name="Suite" finished-at="2025-08-18T18:50:24 IST" duration-ms="6263">
    <groups>
      <group name="smoke">
        <method signature="MobilesStepdefinition.validateProductWithPercentage()[pri:2, instance:com.flipkart.MobilesStepdefinition@3d285d7e]" name="validateProductWithPercentage" class="com.flipkart.MobilesStepdefinition"/>
      </group> <!-- smoke -->
      <group name="sanity">
        <method signature="MobilesStepdefinition.clickOnTodaysDeals(java.lang.String)[pri:-1, instance:com.flipkart.MobilesStepdefinition@3d285d7e]" name="clickOnTodaysDeals" class="com.flipkart.MobilesStepdefinition"/>
      </group> <!-- sanity -->
    </groups>
    <test started-at="2025-08-18T18:50:17 IST" name="Test" finished-at="2025-08-18T18:50:24 IST" duration-ms="6263">
      <class name="com.flipkart.MobilesStepdefinition">
        <test-method is-config="true" signature="beforeSuite()[pri:0, instance:com.flipkart.MobilesStepdefinition@3d285d7e]" started-at="2025-08-18T18:50:17 IST" name="beforeSuite" finished-at="2025-08-18T18:50:17 IST" duration-ms="12" status="PASS">
          <reporter-output>
          </reporter-output>
        </test-method> <!-- beforeSuite -->
        <test-method is-config="true" signature="beforeTest()[pri:0, instance:com.flipkart.MobilesStepdefinition@3d285d7e]" started-at="2025-08-18T18:50:17 IST" name="beforeTest" finished-at="2025-08-18T18:50:17 IST" duration-ms="1" status="PASS">
          <reporter-output>
          </reporter-output>
        </test-method> <!-- beforeTest -->
        <test-method is-config="true" signature="applicationLaunch()[pri:0, instance:com.flipkart.MobilesStepdefinition@3d285d7e]" started-at="2025-08-18T18:50:17 IST" name="applicationLaunch" finished-at="2025-08-18T18:50:21 IST" duration-ms="3923" status="PASS">
          <reporter-output>
          </reporter-output>
        </test-method> <!-- applicationLaunch -->
        <test-method is-config="true" signature="beforeMethod()[pri:0, instance:com.flipkart.MobilesStepdefinition@3d285d7e]" started-at="2025-08-18T18:50:21 IST" name="beforeMethod" finished-at="2025-08-18T18:50:21 IST" duration-ms="1" status="PASS">
          <reporter-output>
          </reporter-output>
        </test-method> <!-- beforeMethod -->
        <test-method signature="clickOnTodaysDeals(java.lang.String)[pri:-1, instance:com.flipkart.MobilesStepdefinition@3d285d7e]" started-at="2025-08-18T18:50:21 IST" name="clickOnTodaysDeals" finished-at="2025-08-18T18:50:23 IST" duration-ms="1872" status="FAIL">
          <params>
            <param index="0">
              <value>
                <![CDATA[321]]>
              </value>
            </param>
          </params>
          <exception class="java.lang.AssertionError">
            <message>
              <![CDATA[123 expected:<321> but was:<Strings are not equals>]]>
            </message>
            <full-stacktrace>
              <![CDATA[java.lang.AssertionError: 123 expected:<321> but was:<Strings are not equals>
at org.testng.AssertJUnit.assertEquals(AssertJUnit.java:115)
at com.flipkart.MobilesStepdefinition.clickOnTodaysDeals(MobilesStepdefinition.java:75)
at java.base/jdk.internal.reflect.DirectMethodHandleAccessor.invoke(DirectMethodHandleAccessor.java:103)
at java.base/java.lang.reflect.Method.invoke(Method.java:580)
at org.testng.internal.invokers.MethodInvocationHelper.invokeMethod(MethodInvocationHelper.java:141)
at org.testng.internal.invokers.TestInvoker.invokeMethod(TestInvoker.java:686)
at org.testng.internal.invokers.TestInvoker.invokeTestMethod(TestInvoker.java:230)
at org.testng.internal.invokers.MethodRunner.runInSequence(MethodRunner.java:63)
at org.testng.internal.invokers.TestInvoker$MethodInvocationAgent.invoke(TestInvoker.java:992)
at org.testng.internal.invokers.TestInvoker.invokeTestMethods(TestInvoker.java:203)
at org.testng.internal.invokers.TestMethodWorker.invokeTestMethods(TestMethodWorker.java:154)
at org.testng.internal.invokers.TestMethodWorker.run(TestMethodWorker.java:134)
at java.base/java.util.ArrayList.forEach(ArrayList.java:1596)
at org.testng.TestRunner.privateRun(TestRunner.java:739)
at org.testng.TestRunner.run(TestRunner.java:614)
at org.testng.SuiteRunner.runTest(SuiteRunner.java:421)
at org.testng.SuiteRunner.runSequentially(SuiteRunner.java:413)
at org.testng.SuiteRunner.privateRun(SuiteRunner.java:373)
at org.testng.SuiteRunner.run(SuiteRunner.java:312)
at org.testng.SuiteRunnerWorker.runSuite(SuiteRunnerWorker.java:52)
at org.testng.SuiteRunnerWorker.run(SuiteRunnerWorker.java:95)
at org.testng.TestNG.runSuitesSequentially(TestNG.java:1274)
at org.testng.TestNG.runSuitesLocally(TestNG.java:1208)
at org.testng.TestNG.runSuites(TestNG.java:1112)
at org.testng.TestNG.run(TestNG.java:1079)
at org.testng.remote.AbstractRemoteTestNG.run(AbstractRemoteTestNG.java:115)
at org.testng.remote.RemoteTestNG.initAndRun(RemoteTestNG.java:293)
at org.testng.remote.RemoteTestNG.main(RemoteTestNG.java:91)
]]>
            </full-stacktrace>
          </exception> <!-- java.lang.AssertionError -->
          <reporter-output>
          </reporter-output>
        </test-method> <!-- clickOnTodaysDeals -->
        <test-method is-config="true" signature="afterMethod()[pri:0, instance:com.flipkart.MobilesStepdefinition@3d285d7e]" started-at="2025-08-18T18:50:23 IST" name="afterMethod" finished-at="2025-08-18T18:50:23 IST" duration-ms="0" status="PASS">
          <reporter-output>
          </reporter-output>
        </test-method> <!-- afterMethod -->
        <test-method is-config="true" signature="beforeMethod()[pri:0, instance:com.flipkart.MobilesStepdefinition@3d285d7e]" started-at="2025-08-18T18:50:23 IST" name="beforeMethod" finished-at="2025-08-18T18:50:23 IST" duration-ms="0" status="PASS">
          <reporter-output>
          </reporter-output>
        </test-method> <!-- beforeMethod -->
        <test-method signature="validateProductWithPercentage()[pri:2, instance:com.flipkart.MobilesStepdefinition@3d285d7e]" started-at="2025-08-18T18:50:23 IST" name="validateProductWithPercentage" finished-at="2025-08-18T18:50:24 IST" duration-ms="405" status="PASS">
          <reporter-output>
          </reporter-output>
        </test-method> <!-- validateProductWithPercentage -->
        <test-method is-config="true" signature="afterMethod()[pri:0, instance:com.flipkart.MobilesStepdefinition@3d285d7e]" started-at="2025-08-18T18:50:24 IST" name="afterMethod" finished-at="2025-08-18T18:50:24 IST" duration-ms="1" status="PASS">
          <reporter-output>
          </reporter-output>
        </test-method> <!-- afterMethod -->
        <test-method is-config="true" signature="closeBrowser()[pri:0, instance:com.flipkart.MobilesStepdefinition@3d285d7e]" started-at="2025-08-18T18:50:24 IST" name="closeBrowser" finished-at="2025-08-18T18:50:24 IST" duration-ms="1" status="PASS">
          <reporter-output>
          </reporter-output>
        </test-method> <!-- closeBrowser -->
        <test-method is-config="true" signature="afterTest()[pri:0, instance:com.flipkart.MobilesStepdefinition@3d285d7e]" started-at="2025-08-18T18:50:24 IST" name="afterTest" finished-at="2025-08-18T18:50:24 IST" duration-ms="0" status="PASS">
          <reporter-output>
          </reporter-output>
        </test-method> <!-- afterTest -->
      </class> <!-- com.flipkart.MobilesStepdefinition -->
    </test> <!-- Test -->
  </suite> <!-- Suite -->
</testng-results>
